g++ -o build/obj/src/ripple_app/ripple_app.o -c -O3 -fno-strict-aliasing
-pthread -Wno-invalid-offsetof -Wformat -Wno-unused-local-typedefs -g
-DDEBUG -D_DEBUG -frtti -std=c++11 -pthread -pthread -Wall
-Wno-sign-compare -Wno-char-subscripts -g -DDEBUG -D_DEBUG -I. -Isrc
-Isrc/leveldb -Isrc/leveldb/port -Isrc/leveldb/include -Isrc/snappy/snappy
-Isrc/snappy/config src/ripple_app/ripple_app.cpp
g++ -o build/stellard -pthread -rdynamic -pthread
src/ripple/proto/ripple.pb.o build/obj/src/ripple/beast/ripple_beast.o
build/obj/src/ripple/beast/ripple_beastc.o
build/obj/src/ripple_data/crypto/EdKeyPair.o
build/obj/src/ripple_data/crypto/StellarPrivateKey.o
build/obj/src/ripple_data/crypto/StellarPublicKey.o
build/obj/src/ripple_app/data/Database.o
build/obj/src/ripple_overlay/impl/PeerImp.o
build/obj/src/ripple_data/protocol/BuildInfo.o
build/obj/src/ripple_app/misc/NetworkOPs.o
build/obj/src/ripple_websocket/autosocket/AutoSocket.o
build/obj/src/ripple/peerfinder/impl/PeerSlotLogic.o
build/obj/src/ripple/peerfinder/impl/Counts.o
build/obj/src/snappy/snappy.unity.o build/obj/src/ripple/http/ripple_http.o
build/obj/src/ripple/json/ripple_json.o
build/obj/src/ripple/peerfinder/ripple_peerfinder.o
build/obj/src/ripple/radmap/ripple_radmap.o
build/obj/src/ripple/resource/ripple_resource.o
build/obj/src/ripple/rocksdb/ripple_rocksdb.o
build/obj/src/ripple/sitefiles/ripple_sitefiles.o
build/obj/src/ripple/sslutil/ripple_sslutil.o
build/obj/src/ripple/testoverlay/ripple_testoverlay.o
build/obj/src/ripple/types/ripple_types.o
build/obj/src/ripple/validators/ripple_validators.o
build/obj/src/ripple/common/ripple_common.o
build/obj/src/ripple_app/ripple_app.o
build/obj/src/ripple_app/ripple_app_pt1.o
build/obj/src/ripple_app/ripple_app_pt2.o
build/obj/src/ripple_app/ripple_app_pt3.o
build/obj/src/ripple_app/ripple_app_pt4.o
build/obj/src/ripple_app/ripple_app_pt5.o
build/obj/src/ripple_app/ripple_app_pt6.o
build/obj/src/ripple_app/ripple_app_pt7.o
build/obj/src/ripple_app/ripple_app_pt8.o
build/obj/src/ripple_app/ripple_app_pt9.o
build/obj/src/ripple_basics/ripple_basics.o
build/obj/src/ripple_core/ripple_core.o
build/obj/src/ripple_data/ripple_data.o
build/obj/src/ripple_hyperleveldb/ripple_hyperleveldb.o
build/obj/src/ripple_leveldb/ripple_leveldb.o
build/obj/src/ripple_net/ripple_net.o
build/obj/src/ripple_overlay/ripple_overlay.o
build/obj/src/ripple_rpc/ripple_rpc.o
build/obj/src/ripple_websocket/ripple_websocket.o -lssl -lcrypto -ldl
-lprotobuf -lz -lpthread -lcurl /usr/local/lib/libsodium.a
-lboost_date_time -lboost_filesystem -lboost_program_options -lboost_regex
-lboost_system -lboost_thread -ldl -lrt
